Arguments: 
  C:\Program Files\nodejs\node.exe C:\Program Files (x86)\Yarn\bin\yarn.js add jquery

PATH: 
  C:\Users\cjt\bin;C:\Program Files\Git\mingw64\bin;C:\Program Files\Git\usr\local\bin;C:\Program Files\Git\usr\bin;C:\Program Files\Git\usr\bin;C:\Program Files\Git\mingw64\bin;C:\Program Files\Git\usr\bin;C:\Users\cjt\bin;C:\Python27;C:\Python27\Scripts;C:\Program Files (x86)\Common Files\Oracle\Java\javapath;C:\windows\system32;C:\windows;C:\windows\System32\Wbem;C:\windows\System32\WindowsPowerShell\v1.0;C:\Program Files\Git\cmd;C:\xampp\php\ext;C:\Program Files (x86)\Bitvise SSH Client;C:\Users\cjt\AppData\Roaming\nvm;C:\Program Files\nodejs;C:\Program Files\Java\jdk1.8.0_171\bin;C:\Program Files\Java\jdk1.8.0_171\jre\bin;F:\mongodb\bin;C:\phpStudy\PHPTutorial\php\php-7.0.12-nts;C:\ProgramData\ComposerSetup\bin;C:\Program Files (x86)\Yarn\bin;C:\Users\cjt\AppData\Local\Microsoft\WindowsApps;F:\nodejs\npm-global;C:\Program Files\Microsoft VS Code\bin;C:\Users\cjt\AppData\Roaming\nvm;C:\Program Files\nodejs;C:\Users\cjt\AppData\Roaming\Composer\vendor\bin;C:\Users\cjt\AppData\Local\Yarn\bin;C:\Program Files\Git\usr\bin\vendor_perl;C:\Program Files\Git\usr\bin\core_perl

Yarn version: 
  1.7.0

Node version: 
  8.9.1

Platform: 
  win32 x64

Trace: 
  Error: https://registry.npm.taobao.org/@types%2fnode: tunneling socket could not be established, cause=socket hang up
      at ClientRequest.onError (C:\Program Files (x86)\Yarn\lib\cli.js:147299:17)
      at Object.onceWrapper (events.js:315:30)
      at emitOne (events.js:116:13)
      at ClientRequest.emit (events.js:211:7)
      at Socket.socketOnEnd (_http_client.js:423:9)
      at emitNone (events.js:111:20)
      at Socket.emit (events.js:208:7)
      at endReadableNT (_stream_readable.js:1056:12)
      at _combinedTickCallback (internal/process/next_tick.js:138:11)
      at process._tickCallback (internal/process/next_tick.js:180:9)

npm manifest: 
  {
    "name": "vue",
    "version": "2.5.17-beta.0",
    "description": "Reactive, component-oriented view layer for modern web interfaces.",
    "main": "dist/vue.runtime.common.js",
    "module": "dist/vue.runtime.esm.js",
    "unpkg": "dist/vue.js",
    "jsdelivr": "dist/vue.js",
    "typings": "types/index.d.ts",
    "files": [
      "src",
      "dist/*.js",
      "types/*.d.ts"
    ],
    "scripts": {
      "dev": "rollup -w -c scripts/config.js --environment TARGET:web-full-dev",
      "dev:cjs": "rollup -w -c scripts/config.js --environment TARGET:web-runtime-cjs",
      "dev:esm": "rollup -w -c scripts/config.js --environment TARGET:web-runtime-esm",
      "dev:test": "karma start test/unit/karma.dev.config.js",
      "dev:ssr": "rollup -w -c scripts/config.js --environment TARGET:web-server-renderer",
      "dev:compiler": "rollup -w -c scripts/config.js --environment TARGET:web-compiler ",
      "dev:weex": "rollup -w -c scripts/config.js --environment TARGET:weex-framework",
      "dev:weex:factory": "rollup -w -c scripts/config.js --environment TARGET:weex-factory",
      "dev:weex:compiler": "rollup -w -c scripts/config.js --environment TARGET:weex-compiler ",
      "build": "node scripts/build.js",
      "build:ssr": "npm run build -- web-runtime-cjs,web-server-renderer",
      "build:weex": "npm run build -- weex",
      "test": "npm run lint && flow check && npm run test:types && npm run test:cover && npm run test:e2e -- --env phantomjs && npm run test:ssr && npm run test:weex",
      "test:unit": "karma start test/unit/karma.unit.config.js",
      "test:cover": "karma start test/unit/karma.cover.config.js",
      "test:e2e": "npm run build -- web-full-prod,web-server-basic-renderer && node test/e2e/runner.js",
      "test:weex": "npm run build:weex && jasmine JASMINE_CONFIG_PATH=test/weex/jasmine.json",
      "test:ssr": "npm run build:ssr && jasmine JASMINE_CONFIG_PATH=test/ssr/jasmine.json",
      "test:sauce": "npm run sauce -- 0 && npm run sauce -- 1 && npm run sauce -- 2",
      "test:types": "tsc -p ./types/test/tsconfig.json",
      "lint": "eslint --fix src scripts test",
      "flow": "flow check",
      "sauce": "karma start test/unit/karma.sauce.config.js",
      "bench:ssr": "npm run build:ssr && node benchmarks/ssr/renderToString.js && node benchmarks/ssr/renderToStream.js",
      "release": "bash scripts/release.sh",
      "release:weex": "bash scripts/release-weex.sh",
      "release:note": "node scripts/gen-release-note.js",
      "commit": "git-cz"
    },
    "gitHooks": {
      "pre-commit": "lint-staged",
      "commit-msg": "node scripts/verify-commit-msg.js"
    },
    "lint-staged": {
      "*.js": [
        "eslint --fix",
        "git add"
      ]
    },
    "repository": {
      "type": "git",
      "url": "git+https://github.com/vuejs/vue.git"
    },
    "keywords": [
      "vue"
    ],
    "author": "Evan You",
    "license": "MIT",
    "bugs": {
      "url": "https://github.com/vuejs/vue/issues"
    },
    "homepage": "https://github.com/vuejs/vue#readme",
    "devDependencies": {
      "@types/node": "^8.0.33",
      "@types/webpack": "^3.0.13",
      "acorn": "^5.2.1",
      "babel-core": "^6.25.0",
      "babel-eslint": "^8.0.3",
      "babel-helper-vue-jsx-merge-props": "^2.0.2",
      "babel-loader": "^7.0.0",
      "babel-plugin-istanbul": "^4.1.4",
      "babel-plugin-syntax-dynamic-import": "^6.18.0",
      "babel-plugin-syntax-jsx": "^6.18.0",
      "babel-plugin-transform-vue-jsx": "^3.4.3",
      "babel-preset-es2015": "^6.24.1",
      "babel-preset-flow-vue": "^1.0.0",
      "buble": "^0.19.3",
      "chalk": "^2.3.0",
      "chromedriver": "^2.30.1",
      "codecov": "^3.0.0",
      "commitizen": "^2.9.6",
      "conventional-changelog": "^1.1.3",
      "cross-spawn": "^5.1.0",
      "cz-conventional-changelog": "^2.0.0",
      "de-indent": "^1.0.2",
      "es6-promise": "^4.1.0",
      "escodegen": "^1.8.1",
      "eslint": "^4.13.1",
      "eslint-loader": "^1.7.1",
      "eslint-plugin-flowtype": "^2.34.0",
      "eslint-plugin-jasmine": "^2.8.4",
      "eslint-plugin-vue-libs": "^2.0.1",
      "file-loader": "^1.1.5",
      "flow-bin": "^0.61.0",
      "hash-sum": "^1.0.2",
      "he": "^1.1.1",
      "http-server": "^0.11.1",
      "jasmine": "^2.99.0",
      "jasmine-core": "^2.99.0",
      "karma": "^2.0.0",
      "karma-chrome-launcher": "^2.1.1",
      "karma-coverage": "^1.1.1",
      "karma-firefox-launcher": "^1.0.1",
      "karma-jasmine": "^1.1.0",
      "karma-mocha-reporter": "^2.2.3",
      "karma-phantomjs-launcher": "^1.0.4",
      "karma-safari-launcher": "^1.0.0",
      "karma-sauce-launcher": "^1.1.0",
      "karma-sourcemap-loader": "^0.3.7",
      "karma-webpack": "^2.0.3",
      "lint-staged": "^7.0.0",
      "lodash": "^4.17.4",
      "lodash.template": "^4.4.0",
      "lodash.uniq": "^4.5.0",
      "lru-cache": "^4.1.1",
      "nightwatch": "^0.9.16",
      "nightwatch-helpers": "^1.2.0",
      "phantomjs-prebuilt": "^2.1.14",
      "resolve": "^1.3.3",
      "rollup": "^0.54.1",
      "rollup-plugin-alias": "^1.3.1",
      "rollup-plugin-babel": "^3.0.2",
      "rollup-plugin-buble": "^0.19.2",
      "rollup-plugin-commonjs": "^8.0.0",
      "rollup-plugin-flow-no-whitespace": "^1.0.0",
      "rollup-plugin-node-resolve": "^3.0.0",
      "rollup-plugin-replace": "^2.0.0",
      "rollup-watch": "^4.0.0",
      "selenium-server": "^2.53.1",
      "serialize-javascript": "^1.3.0",
      "shelljs": "^0.8.1",
      "typescript": "^2.7.1",
      "uglify-js": "^3.0.15",
      "webpack": "^3.11.0",
      "weex-js-runtime": "^0.23.6",
      "weex-styler": "^0.3.0",
      "yorkie": "^1.0.1"
    },
    "config": {
      "commitizen": {
        "path": "./node_modules/cz-conventional-changelog"
      }
    }
  }

yarn manifest: 
  No manifest

Lockfile: 
  No lockfile
